16:27:17 INFO  : Launching XSDB server: xsdb.bat C:/Xilinx/SDK/2015.3/scripts/xsdb/xsdb/xsdb-server.tcl
16:27:19 INFO  : XSDB server has started successfully.
16:27:20 ERROR : Workspace location C:\Users\Jose Idlabs\Documents\GitHub\WATCHMAN\MICROZED contains spaces. Please switch to a workspace without spaces in its path.
16:29:12 ERROR : (XSDB Server)ERROR: [Hsi 55-1699] C:/Users/Jose doesn't have supported extension. Supported Hardware HandOff File extensions are .hwh, .xml, .hsm, .hdf

16:29:12 ERROR : (XSDB Server)ERROR: [Hsi 55-1451] Error: running open_hw_design.

16:29:12 ERROR : Failed to openhw "C:/Users/Jose Idlabs/Documents/GitHub/WATCHMAN/MICROZED/hw_platform_0/system.hdf"
Reason: ERROR: [Common 17-39] 'hsi::open_hw_design' failed due to earlier errors.

16:29:12 ERROR : Error occurred while creating hardware platform hw_platform_0 from sysdef
java.lang.IllegalArgumentException: Invalid Hardware Specification File provided: C:\Users\Jose Idlabs\Documents\GitHub\WATCHMAN\MICROZED\hw_platform_0\system.hdf
	at com.xilinx.sdk.hw.internal.HwPlatform.<init>(HwPlatform.java:282)
	at com.xilinx.sdk.hw.internal.HwSpecFactory.createHwSpec(HwSpecFactory.java:53)
	at com.xilinx.sdk.hw.internal.HwProjectCreator.createHwProjectFromZip(HwProjectCreator.java:117)
	at com.xilinx.sdk.hw.HwProjectUtil.internalCreate(HwProjectUtil.java:214)
	at com.xilinx.sdk.hw.HwProjectUtil.makeNewHardwareProject(HwProjectUtil.java:165)
	at com.xilinx.sdk.hw.core.HwPlatformProjectHandler.createHwPlatform(HwPlatformProjectHandler.java:51)
	at com.xilinx.sdk.hw.core.HwPlatformProjectHandler.access$0(HwPlatformProjectHandler.java:47)
	at com.xilinx.sdk.hw.core.HwPlatformProjectHandler$1.run(HwPlatformProjectHandler.java:34)
	at org.eclipse.core.internal.resources.Workspace.run(Workspace.java:2345)
	at org.eclipse.core.internal.resources.Workspace.run(Workspace.java:2327)
	at com.xilinx.sdk.hw.core.HwPlatformProjectHandler.execute(HwPlatformProjectHandler.java:31)
	at com.xilinx.sdk.hw.ui.NewHwProject.createProject(NewHwProject.java:82)
	at com.xilinx.sdk.hw.ui.NewHwProject.access$0(NewHwProject.java:80)
	at com.xilinx.sdk.hw.ui.NewHwProject$1.run(NewHwProject.java:44)
	at org.eclipse.ui.actions.WorkspaceModifyDelegatingOperation.execute(WorkspaceModifyDelegatingOperation.java:69)
	at org.eclipse.ui.actions.WorkspaceModifyOperation$1.run(WorkspaceModifyOperation.java:106)
	at org.eclipse.core.internal.resources.Workspace.run(Workspace.java:2345)
	at org.eclipse.ui.actions.WorkspaceModifyOperation.run(WorkspaceModifyOperation.java:118)
	at org.eclipse.jface.operation.ModalContext$ModalContextThread.run(ModalContext.java:121)
16:29:12 ERROR : Hardware project creation encountered errors.
16:29:22 ERROR : Project hw_platform_0 already exists.
16:29:22 ERROR : Error occurred while creating hardware platform hw_platform_0 from sysdef
java.lang.IllegalArgumentException: Attempted to create a new project with same name as existing project: hw_platform_0
	at com.xilinx.sdk.hw.internal.HwProjectCreator.createProject(HwProjectCreator.java:207)
	at com.xilinx.sdk.hw.internal.HwProjectCreator.createProject(HwProjectCreator.java:201)
	at com.xilinx.sdk.hw.internal.HwProjectCreator.createHwProjectFromZip(HwProjectCreator.java:87)
	at com.xilinx.sdk.hw.HwProjectUtil.internalCreate(HwProjectUtil.java:214)
	at com.xilinx.sdk.hw.HwProjectUtil.makeNewHardwareProject(HwProjectUtil.java:165)
	at com.xilinx.sdk.hw.core.HwPlatformProjectHandler.createHwPlatform(HwPlatformProjectHandler.java:51)
	at com.xilinx.sdk.hw.core.HwPlatformProjectHandler.access$0(HwPlatformProjectHandler.java:47)
	at com.xilinx.sdk.hw.core.HwPlatformProjectHandler$1.run(HwPlatformProjectHandler.java:34)
	at org.eclipse.core.internal.resources.Workspace.run(Workspace.java:2345)
	at org.eclipse.core.internal.resources.Workspace.run(Workspace.java:2327)
	at com.xilinx.sdk.hw.core.HwPlatformProjectHandler.execute(HwPlatformProjectHandler.java:31)
	at com.xilinx.sdk.hw.ui.NewHwProject.createProject(NewHwProject.java:82)
	at com.xilinx.sdk.hw.ui.NewHwProject.access$0(NewHwProject.java:80)
	at com.xilinx.sdk.hw.ui.NewHwProject$1.run(NewHwProject.java:44)
	at org.eclipse.ui.actions.WorkspaceModifyDelegatingOperation.execute(WorkspaceModifyDelegatingOperation.java:69)
	at org.eclipse.ui.actions.WorkspaceModifyOperation$1.run(WorkspaceModifyOperation.java:106)
	at org.eclipse.core.internal.resources.Workspace.run(Workspace.java:2345)
	at org.eclipse.ui.actions.WorkspaceModifyOperation.run(WorkspaceModifyOperation.java:118)
	at org.eclipse.jface.operation.ModalContext$ModalContextThread.run(ModalContext.java:121)
16:29:22 ERROR : Hardware project creation encountered errors.
16:29:31 ERROR : Project hw_platform_0 already exists.
16:29:31 ERROR : Error occurred while creating hardware platform hw_platform_0 from sysdef
java.lang.IllegalArgumentException: Attempted to create a new project with same name as existing project: hw_platform_0
	at com.xilinx.sdk.hw.internal.HwProjectCreator.createProject(HwProjectCreator.java:207)
	at com.xilinx.sdk.hw.internal.HwProjectCreator.createProject(HwProjectCreator.java:201)
	at com.xilinx.sdk.hw.internal.HwProjectCreator.createHwProjectFromZip(HwProjectCreator.java:87)
	at com.xilinx.sdk.hw.HwProjectUtil.internalCreate(HwProjectUtil.java:214)
	at com.xilinx.sdk.hw.HwProjectUtil.makeNewHardwareProject(HwProjectUtil.java:165)
	at com.xilinx.sdk.hw.core.HwPlatformProjectHandler.createHwPlatform(HwPlatformProjectHandler.java:51)
	at com.xilinx.sdk.hw.core.HwPlatformProjectHandler.access$0(HwPlatformProjectHandler.java:47)
	at com.xilinx.sdk.hw.core.HwPlatformProjectHandler$1.run(HwPlatformProjectHandler.java:34)
	at org.eclipse.core.internal.resources.Workspace.run(Workspace.java:2345)
	at org.eclipse.core.internal.resources.Workspace.run(Workspace.java:2327)
	at com.xilinx.sdk.hw.core.HwPlatformProjectHandler.execute(HwPlatformProjectHandler.java:31)
	at com.xilinx.sdk.hw.ui.NewHwProject.createProject(NewHwProject.java:82)
	at com.xilinx.sdk.hw.ui.NewHwProject.access$0(NewHwProject.java:80)
	at com.xilinx.sdk.hw.ui.NewHwProject$1.run(NewHwProject.java:44)
	at org.eclipse.ui.actions.WorkspaceModifyDelegatingOperation.execute(WorkspaceModifyDelegatingOperation.java:69)
	at org.eclipse.ui.actions.WorkspaceModifyOperation$1.run(WorkspaceModifyOperation.java:106)
	at org.eclipse.core.internal.resources.Workspace.run(Workspace.java:2345)
	at org.eclipse.ui.actions.WorkspaceModifyOperation.run(WorkspaceModifyOperation.java:118)
	at org.eclipse.jface.operation.ModalContext$ModalContextThread.run(ModalContext.java:121)
16:29:31 ERROR : Hardware project creation encountered errors.
16:29:32 ERROR : Project hw_platform_0 already exists.
16:29:32 ERROR : Error occurred while creating hardware platform hw_platform_0 from sysdef
java.lang.IllegalArgumentException: Attempted to create a new project with same name as existing project: hw_platform_0
	at com.xilinx.sdk.hw.internal.HwProjectCreator.createProject(HwProjectCreator.java:207)
	at com.xilinx.sdk.hw.internal.HwProjectCreator.createProject(HwProjectCreator.java:201)
	at com.xilinx.sdk.hw.internal.HwProjectCreator.createHwProjectFromZip(HwProjectCreator.java:87)
	at com.xilinx.sdk.hw.HwProjectUtil.internalCreate(HwProjectUtil.java:214)
	at com.xilinx.sdk.hw.HwProjectUtil.makeNewHardwareProject(HwProjectUtil.java:165)
	at com.xilinx.sdk.hw.core.HwPlatformProjectHandler.createHwPlatform(HwPlatformProjectHandler.java:51)
	at com.xilinx.sdk.hw.core.HwPlatformProjectHandler.access$0(HwPlatformProjectHandler.java:47)
	at com.xilinx.sdk.hw.core.HwPlatformProjectHandler$1.run(HwPlatformProjectHandler.java:34)
	at org.eclipse.core.internal.resources.Workspace.run(Workspace.java:2345)
	at org.eclipse.core.internal.resources.Workspace.run(Workspace.java:2327)
	at com.xilinx.sdk.hw.core.HwPlatformProjectHandler.execute(HwPlatformProjectHandler.java:31)
	at com.xilinx.sdk.hw.ui.NewHwProject.createProject(NewHwProject.java:82)
	at com.xilinx.sdk.hw.ui.NewHwProject.access$0(NewHwProject.java:80)
	at com.xilinx.sdk.hw.ui.NewHwProject$1.run(NewHwProject.java:44)
	at org.eclipse.ui.actions.WorkspaceModifyDelegatingOperation.execute(WorkspaceModifyDelegatingOperation.java:69)
	at org.eclipse.ui.actions.WorkspaceModifyOperation$1.run(WorkspaceModifyOperation.java:106)
	at org.eclipse.core.internal.resources.Workspace.run(Workspace.java:2345)
	at org.eclipse.ui.actions.WorkspaceModifyOperation.run(WorkspaceModifyOperation.java:118)
	at org.eclipse.jface.operation.ModalContext$ModalContextThread.run(ModalContext.java:121)
16:29:32 ERROR : Hardware project creation encountered errors.
16:29:33 ERROR : Project hw_platform_0 already exists.
16:29:33 ERROR : Error occurred while creating hardware platform hw_platform_0 from sysdef
java.lang.IllegalArgumentException: Attempted to create a new project with same name as existing project: hw_platform_0
	at com.xilinx.sdk.hw.internal.HwProjectCreator.createProject(HwProjectCreator.java:207)
	at com.xilinx.sdk.hw.internal.HwProjectCreator.createProject(HwProjectCreator.java:201)
	at com.xilinx.sdk.hw.internal.HwProjectCreator.createHwProjectFromZip(HwProjectCreator.java:87)
	at com.xilinx.sdk.hw.HwProjectUtil.internalCreate(HwProjectUtil.java:214)
	at com.xilinx.sdk.hw.HwProjectUtil.makeNewHardwareProject(HwProjectUtil.java:165)
	at com.xilinx.sdk.hw.core.HwPlatformProjectHandler.createHwPlatform(HwPlatformProjectHandler.java:51)
	at com.xilinx.sdk.hw.core.HwPlatformProjectHandler.access$0(HwPlatformProjectHandler.java:47)
	at com.xilinx.sdk.hw.core.HwPlatformProjectHandler$1.run(HwPlatformProjectHandler.java:34)
	at org.eclipse.core.internal.resources.Workspace.run(Workspace.java:2345)
	at org.eclipse.core.internal.resources.Workspace.run(Workspace.java:2327)
	at com.xilinx.sdk.hw.core.HwPlatformProjectHandler.execute(HwPlatformProjectHandler.java:31)
	at com.xilinx.sdk.hw.ui.NewHwProject.createProject(NewHwProject.java:82)
	at com.xilinx.sdk.hw.ui.NewHwProject.access$0(NewHwProject.java:80)
	at com.xilinx.sdk.hw.ui.NewHwProject$1.run(NewHwProject.java:44)
	at org.eclipse.ui.actions.WorkspaceModifyDelegatingOperation.execute(WorkspaceModifyDelegatingOperation.java:69)
	at org.eclipse.ui.actions.WorkspaceModifyOperation$1.run(WorkspaceModifyOperation.java:106)
	at org.eclipse.core.internal.resources.Workspace.run(Workspace.java:2345)
	at org.eclipse.ui.actions.WorkspaceModifyOperation.run(WorkspaceModifyOperation.java:118)
	at org.eclipse.jface.operation.ModalContext$ModalContextThread.run(ModalContext.java:121)
16:29:33 ERROR : Hardware project creation encountered errors.
16:29:34 ERROR : Project hw_platform_0 already exists.
16:29:34 ERROR : Error occurred while creating hardware platform hw_platform_0 from sysdef
java.lang.IllegalArgumentException: Attempted to create a new project with same name as existing project: hw_platform_0
	at com.xilinx.sdk.hw.internal.HwProjectCreator.createProject(HwProjectCreator.java:207)
	at com.xilinx.sdk.hw.internal.HwProjectCreator.createProject(HwProjectCreator.java:201)
	at com.xilinx.sdk.hw.internal.HwProjectCreator.createHwProjectFromZip(HwProjectCreator.java:87)
	at com.xilinx.sdk.hw.HwProjectUtil.internalCreate(HwProjectUtil.java:214)
	at com.xilinx.sdk.hw.HwProjectUtil.makeNewHardwareProject(HwProjectUtil.java:165)
	at com.xilinx.sdk.hw.core.HwPlatformProjectHandler.createHwPlatform(HwPlatformProjectHandler.java:51)
	at com.xilinx.sdk.hw.core.HwPlatformProjectHandler.access$0(HwPlatformProjectHandler.java:47)
	at com.xilinx.sdk.hw.core.HwPlatformProjectHandler$1.run(HwPlatformProjectHandler.java:34)
	at org.eclipse.core.internal.resources.Workspace.run(Workspace.java:2345)
	at org.eclipse.core.internal.resources.Workspace.run(Workspace.java:2327)
	at com.xilinx.sdk.hw.core.HwPlatformProjectHandler.execute(HwPlatformProjectHandler.java:31)
	at com.xilinx.sdk.hw.ui.NewHwProject.createProject(NewHwProject.java:82)
	at com.xilinx.sdk.hw.ui.NewHwProject.access$0(NewHwProject.java:80)
	at com.xilinx.sdk.hw.ui.NewHwProject$1.run(NewHwProject.java:44)
	at org.eclipse.ui.actions.WorkspaceModifyDelegatingOperation.execute(WorkspaceModifyDelegatingOperation.java:69)
	at org.eclipse.ui.actions.WorkspaceModifyOperation$1.run(WorkspaceModifyOperation.java:106)
	at org.eclipse.core.internal.resources.Workspace.run(Workspace.java:2345)
	at org.eclipse.ui.actions.WorkspaceModifyOperation.run(WorkspaceModifyOperation.java:118)
	at org.eclipse.jface.operation.ModalContext$ModalContextThread.run(ModalContext.java:121)
16:29:34 ERROR : Hardware project creation encountered errors.
16:31:09 ERROR : Project hw_platform_0 already exists.
16:31:09 ERROR : Error occurred while creating hardware platform hw_platform_0 from sysdef
java.lang.IllegalArgumentException: Attempted to create a new project with same name as existing project: hw_platform_0
	at com.xilinx.sdk.hw.internal.HwProjectCreator.createProject(HwProjectCreator.java:207)
	at com.xilinx.sdk.hw.internal.HwProjectCreator.createProject(HwProjectCreator.java:201)
	at com.xilinx.sdk.hw.internal.HwProjectCreator.createHwProjectFromZip(HwProjectCreator.java:87)
	at com.xilinx.sdk.hw.HwProjectUtil.internalCreate(HwProjectUtil.java:214)
	at com.xilinx.sdk.hw.HwProjectUtil.makeNewHardwareProject(HwProjectUtil.java:165)
	at com.xilinx.sdk.hw.core.HwPlatformProjectHandler.createHwPlatform(HwPlatformProjectHandler.java:51)
	at com.xilinx.sdk.hw.core.HwPlatformProjectHandler.access$0(HwPlatformProjectHandler.java:47)
	at com.xilinx.sdk.hw.core.HwPlatformProjectHandler$1.run(HwPlatformProjectHandler.java:34)
	at org.eclipse.core.internal.resources.Workspace.run(Workspace.java:2345)
	at org.eclipse.core.internal.resources.Workspace.run(Workspace.java:2327)
	at com.xilinx.sdk.hw.core.HwPlatformProjectHandler.execute(HwPlatformProjectHandler.java:31)
	at com.xilinx.sdk.hw.ui.NewHwProject.createProject(NewHwProject.java:82)
	at com.xilinx.sdk.hw.ui.NewHwProject.access$0(NewHwProject.java:80)
	at com.xilinx.sdk.hw.ui.NewHwProject$1.run(NewHwProject.java:44)
	at org.eclipse.ui.actions.WorkspaceModifyDelegatingOperation.execute(WorkspaceModifyDelegatingOperation.java:69)
	at org.eclipse.ui.actions.WorkspaceModifyOperation$1.run(WorkspaceModifyOperation.java:106)
	at org.eclipse.core.internal.resources.Workspace.run(Workspace.java:2345)
	at org.eclipse.ui.actions.WorkspaceModifyOperation.run(WorkspaceModifyOperation.java:118)
	at org.eclipse.jface.operation.ModalContext$ModalContextThread.run(ModalContext.java:121)
16:31:09 ERROR : Hardware project creation encountered errors.
16:38:44 ERROR : Project hw_platform_0 already exists.
16:38:44 ERROR : Error occurred while creating hardware platform hw_platform_0 from sysdef
java.lang.IllegalArgumentException: Attempted to create a new project with same name as existing project: hw_platform_0
	at com.xilinx.sdk.hw.internal.HwProjectCreator.createProject(HwProjectCreator.java:207)
	at com.xilinx.sdk.hw.internal.HwProjectCreator.createProject(HwProjectCreator.java:201)
	at com.xilinx.sdk.hw.internal.HwProjectCreator.createHwProjectFromZip(HwProjectCreator.java:87)
	at com.xilinx.sdk.hw.HwProjectUtil.internalCreate(HwProjectUtil.java:214)
	at com.xilinx.sdk.hw.HwProjectUtil.makeNewHardwareProject(HwProjectUtil.java:165)
	at com.xilinx.sdk.hw.core.HwPlatformProjectHandler.createHwPlatform(HwPlatformProjectHandler.java:51)
	at com.xilinx.sdk.hw.core.HwPlatformProjectHandler.access$0(HwPlatformProjectHandler.java:47)
	at com.xilinx.sdk.hw.core.HwPlatformProjectHandler$1.run(HwPlatformProjectHandler.java:34)
	at org.eclipse.core.internal.resources.Workspace.run(Workspace.java:2345)
	at org.eclipse.core.internal.resources.Workspace.run(Workspace.java:2327)
	at com.xilinx.sdk.hw.core.HwPlatformProjectHandler.execute(HwPlatformProjectHandler.java:31)
	at com.xilinx.sdk.hw.ui.NewHwProject.createProject(NewHwProject.java:82)
	at com.xilinx.sdk.hw.ui.NewHwProject.access$0(NewHwProject.java:80)
	at com.xilinx.sdk.hw.ui.NewHwProject$1.run(NewHwProject.java:44)
	at org.eclipse.ui.actions.WorkspaceModifyDelegatingOperation.execute(WorkspaceModifyDelegatingOperation.java:69)
	at org.eclipse.ui.actions.WorkspaceModifyOperation$1.run(WorkspaceModifyOperation.java:106)
	at org.eclipse.core.internal.resources.Workspace.run(Workspace.java:2345)
	at org.eclipse.ui.actions.WorkspaceModifyOperation.run(WorkspaceModifyOperation.java:118)
	at org.eclipse.jface.operation.ModalContext$ModalContextThread.run(ModalContext.java:121)
16:38:44 ERROR : Hardware project creation encountered errors.
16:38:50 ERROR : Project hw_platform_0 already exists.
16:38:50 ERROR : Error occurred while creating hardware platform hw_platform_0 from sysdef
java.lang.IllegalArgumentException: Attempted to create a new project with same name as existing project: hw_platform_0
	at com.xilinx.sdk.hw.internal.HwProjectCreator.createProject(HwProjectCreator.java:207)
	at com.xilinx.sdk.hw.internal.HwProjectCreator.createProject(HwProjectCreator.java:201)
	at com.xilinx.sdk.hw.internal.HwProjectCreator.createHwProjectFromZip(HwProjectCreator.java:87)
	at com.xilinx.sdk.hw.HwProjectUtil.internalCreate(HwProjectUtil.java:214)
	at com.xilinx.sdk.hw.HwProjectUtil.makeNewHardwareProject(HwProjectUtil.java:165)
	at com.xilinx.sdk.hw.core.HwPlatformProjectHandler.createHwPlatform(HwPlatformProjectHandler.java:51)
	at com.xilinx.sdk.hw.core.HwPlatformProjectHandler.access$0(HwPlatformProjectHandler.java:47)
	at com.xilinx.sdk.hw.core.HwPlatformProjectHandler$1.run(HwPlatformProjectHandler.java:34)
	at org.eclipse.core.internal.resources.Workspace.run(Workspace.java:2345)
	at org.eclipse.core.internal.resources.Workspace.run(Workspace.java:2327)
	at com.xilinx.sdk.hw.core.HwPlatformProjectHandler.execute(HwPlatformProjectHandler.java:31)
	at com.xilinx.sdk.hw.ui.NewHwProject.createProject(NewHwProject.java:82)
	at com.xilinx.sdk.hw.ui.NewHwProject.access$0(NewHwProject.java:80)
	at com.xilinx.sdk.hw.ui.NewHwProject$1.run(NewHwProject.java:44)
	at org.eclipse.ui.actions.WorkspaceModifyDelegatingOperation.execute(WorkspaceModifyDelegatingOperation.java:69)
	at org.eclipse.ui.actions.WorkspaceModifyOperation$1.run(WorkspaceModifyOperation.java:106)
	at org.eclipse.core.internal.resources.Workspace.run(Workspace.java:2345)
	at org.eclipse.ui.actions.WorkspaceModifyOperation.run(WorkspaceModifyOperation.java:118)
	at org.eclipse.jface.operation.ModalContext$ModalContextThread.run(ModalContext.java:121)
16:38:50 ERROR : Hardware project creation encountered errors.
16:38:52 ERROR : Project hw_platform_0 already exists.
16:38:52 ERROR : Error occurred while creating hardware platform hw_platform_0 from sysdef
java.lang.IllegalArgumentException: Attempted to create a new project with same name as existing project: hw_platform_0
	at com.xilinx.sdk.hw.internal.HwProjectCreator.createProject(HwProjectCreator.java:207)
	at com.xilinx.sdk.hw.internal.HwProjectCreator.createProject(HwProjectCreator.java:201)
	at com.xilinx.sdk.hw.internal.HwProjectCreator.createHwProjectFromZip(HwProjectCreator.java:87)
	at com.xilinx.sdk.hw.HwProjectUtil.internalCreate(HwProjectUtil.java:214)
	at com.xilinx.sdk.hw.HwProjectUtil.makeNewHardwareProject(HwProjectUtil.java:165)
	at com.xilinx.sdk.hw.core.HwPlatformProjectHandler.createHwPlatform(HwPlatformProjectHandler.java:51)
	at com.xilinx.sdk.hw.core.HwPlatformProjectHandler.access$0(HwPlatformProjectHandler.java:47)
	at com.xilinx.sdk.hw.core.HwPlatformProjectHandler$1.run(HwPlatformProjectHandler.java:34)
	at org.eclipse.core.internal.resources.Workspace.run(Workspace.java:2345)
	at org.eclipse.core.internal.resources.Workspace.run(Workspace.java:2327)
	at com.xilinx.sdk.hw.core.HwPlatformProjectHandler.execute(HwPlatformProjectHandler.java:31)
	at com.xilinx.sdk.hw.ui.NewHwProject.createProject(NewHwProject.java:82)
	at com.xilinx.sdk.hw.ui.NewHwProject.access$0(NewHwProject.java:80)
	at com.xilinx.sdk.hw.ui.NewHwProject$1.run(NewHwProject.java:44)
	at org.eclipse.ui.actions.WorkspaceModifyDelegatingOperation.execute(WorkspaceModifyDelegatingOperation.java:69)
	at org.eclipse.ui.actions.WorkspaceModifyOperation$1.run(WorkspaceModifyOperation.java:106)
	at org.eclipse.core.internal.resources.Workspace.run(Workspace.java:2345)
	at org.eclipse.ui.actions.WorkspaceModifyOperation.run(WorkspaceModifyOperation.java:118)
	at org.eclipse.jface.operation.ModalContext$ModalContextThread.run(ModalContext.java:121)
16:38:52 ERROR : Hardware project creation encountered errors.
16:38:52 ERROR : Project hw_platform_0 already exists.
16:38:52 ERROR : Error occurred while creating hardware platform hw_platform_0 from sysdef
java.lang.IllegalArgumentException: Attempted to create a new project with same name as existing project: hw_platform_0
	at com.xilinx.sdk.hw.internal.HwProjectCreator.createProject(HwProjectCreator.java:207)
	at com.xilinx.sdk.hw.internal.HwProjectCreator.createProject(HwProjectCreator.java:201)
	at com.xilinx.sdk.hw.internal.HwProjectCreator.createHwProjectFromZip(HwProjectCreator.java:87)
	at com.xilinx.sdk.hw.HwProjectUtil.internalCreate(HwProjectUtil.java:214)
	at com.xilinx.sdk.hw.HwProjectUtil.makeNewHardwareProject(HwProjectUtil.java:165)
	at com.xilinx.sdk.hw.core.HwPlatformProjectHandler.createHwPlatform(HwPlatformProjectHandler.java:51)
	at com.xilinx.sdk.hw.core.HwPlatformProjectHandler.access$0(HwPlatformProjectHandler.java:47)
	at com.xilinx.sdk.hw.core.HwPlatformProjectHandler$1.run(HwPlatformProjectHandler.java:34)
	at org.eclipse.core.internal.resources.Workspace.run(Workspace.java:2345)
	at org.eclipse.core.internal.resources.Workspace.run(Workspace.java:2327)
	at com.xilinx.sdk.hw.core.HwPlatformProjectHandler.execute(HwPlatformProjectHandler.java:31)
	at com.xilinx.sdk.hw.ui.NewHwProject.createProject(NewHwProject.java:82)
	at com.xilinx.sdk.hw.ui.NewHwProject.access$0(NewHwProject.java:80)
	at com.xilinx.sdk.hw.ui.NewHwProject$1.run(NewHwProject.java:44)
	at org.eclipse.ui.actions.WorkspaceModifyDelegatingOperation.execute(WorkspaceModifyDelegatingOperation.java:69)
	at org.eclipse.ui.actions.WorkspaceModifyOperation$1.run(WorkspaceModifyOperation.java:106)
	at org.eclipse.core.internal.resources.Workspace.run(Workspace.java:2345)
	at org.eclipse.ui.actions.WorkspaceModifyOperation.run(WorkspaceModifyOperation.java:118)
	at org.eclipse.jface.operation.ModalContext$ModalContextThread.run(ModalContext.java:121)
16:38:52 ERROR : Hardware project creation encountered errors.
16:38:53 ERROR : Project hw_platform_0 already exists.
16:38:53 ERROR : Error occurred while creating hardware platform hw_platform_0 from sysdef
java.lang.IllegalArgumentException: Attempted to create a new project with same name as existing project: hw_platform_0
	at com.xilinx.sdk.hw.internal.HwProjectCreator.createProject(HwProjectCreator.java:207)
	at com.xilinx.sdk.hw.internal.HwProjectCreator.createProject(HwProjectCreator.java:201)
	at com.xilinx.sdk.hw.internal.HwProjectCreator.createHwProjectFromZip(HwProjectCreator.java:87)
	at com.xilinx.sdk.hw.HwProjectUtil.internalCreate(HwProjectUtil.java:214)
	at com.xilinx.sdk.hw.HwProjectUtil.makeNewHardwareProject(HwProjectUtil.java:165)
	at com.xilinx.sdk.hw.core.HwPlatformProjectHandler.createHwPlatform(HwPlatformProjectHandler.java:51)
	at com.xilinx.sdk.hw.core.HwPlatformProjectHandler.access$0(HwPlatformProjectHandler.java:47)
	at com.xilinx.sdk.hw.core.HwPlatformProjectHandler$1.run(HwPlatformProjectHandler.java:34)
	at org.eclipse.core.internal.resources.Workspace.run(Workspace.java:2345)
	at org.eclipse.core.internal.resources.Workspace.run(Workspace.java:2327)
	at com.xilinx.sdk.hw.core.HwPlatformProjectHandler.execute(HwPlatformProjectHandler.java:31)
	at com.xilinx.sdk.hw.ui.NewHwProject.createProject(NewHwProject.java:82)
	at com.xilinx.sdk.hw.ui.NewHwProject.access$0(NewHwProject.java:80)
	at com.xilinx.sdk.hw.ui.NewHwProject$1.run(NewHwProject.java:44)
	at org.eclipse.ui.actions.WorkspaceModifyDelegatingOperation.execute(WorkspaceModifyDelegatingOperation.java:69)
	at org.eclipse.ui.actions.WorkspaceModifyOperation$1.run(WorkspaceModifyOperation.java:106)
	at org.eclipse.core.internal.resources.Workspace.run(Workspace.java:2345)
	at org.eclipse.ui.actions.WorkspaceModifyOperation.run(WorkspaceModifyOperation.java:118)
	at org.eclipse.jface.operation.ModalContext$ModalContextThread.run(ModalContext.java:121)
16:38:53 ERROR : Hardware project creation encountered errors.
16:38:54 ERROR : Project hw_platform_0 already exists.
16:38:54 ERROR : Error occurred while creating hardware platform hw_platform_0 from sysdef
java.lang.IllegalArgumentException: Attempted to create a new project with same name as existing project: hw_platform_0
	at com.xilinx.sdk.hw.internal.HwProjectCreator.createProject(HwProjectCreator.java:207)
	at com.xilinx.sdk.hw.internal.HwProjectCreator.createProject(HwProjectCreator.java:201)
	at com.xilinx.sdk.hw.internal.HwProjectCreator.createHwProjectFromZip(HwProjectCreator.java:87)
	at com.xilinx.sdk.hw.HwProjectUtil.internalCreate(HwProjectUtil.java:214)
	at com.xilinx.sdk.hw.HwProjectUtil.makeNewHardwareProject(HwProjectUtil.java:165)
	at com.xilinx.sdk.hw.core.HwPlatformProjectHandler.createHwPlatform(HwPlatformProjectHandler.java:51)
	at com.xilinx.sdk.hw.core.HwPlatformProjectHandler.access$0(HwPlatformProjectHandler.java:47)
	at com.xilinx.sdk.hw.core.HwPlatformProjectHandler$1.run(HwPlatformProjectHandler.java:34)
	at org.eclipse.core.internal.resources.Workspace.run(Workspace.java:2345)
	at org.eclipse.core.internal.resources.Workspace.run(Workspace.java:2327)
	at com.xilinx.sdk.hw.core.HwPlatformProjectHandler.execute(HwPlatformProjectHandler.java:31)
	at com.xilinx.sdk.hw.ui.NewHwProject.createProject(NewHwProject.java:82)
	at com.xilinx.sdk.hw.ui.NewHwProject.access$0(NewHwProject.java:80)
	at com.xilinx.sdk.hw.ui.NewHwProject$1.run(NewHwProject.java:44)
	at org.eclipse.ui.actions.WorkspaceModifyDelegatingOperation.execute(WorkspaceModifyDelegatingOperation.java:69)
	at org.eclipse.ui.actions.WorkspaceModifyOperation$1.run(WorkspaceModifyOperation.java:106)
	at org.eclipse.core.internal.resources.Workspace.run(Workspace.java:2345)
	at org.eclipse.ui.actions.WorkspaceModifyOperation.run(WorkspaceModifyOperation.java:118)
	at org.eclipse.jface.operation.ModalContext$ModalContextThread.run(ModalContext.java:121)
16:38:54 ERROR : Hardware project creation encountered errors.
16:39:11 ERROR : Project hw_platform_0 already exists.
16:39:11 ERROR : Error occurred while creating hardware platform hw_platform_0 from sysdef
java.lang.IllegalArgumentException: Attempted to create a new project with same name as existing project: hw_platform_0
	at com.xilinx.sdk.hw.internal.HwProjectCreator.createProject(HwProjectCreator.java:207)
	at com.xilinx.sdk.hw.internal.HwProjectCreator.createProject(HwProjectCreator.java:201)
	at com.xilinx.sdk.hw.internal.HwProjectCreator.createHwProjectFromZip(HwProjectCreator.java:87)
	at com.xilinx.sdk.hw.HwProjectUtil.internalCreate(HwProjectUtil.java:214)
	at com.xilinx.sdk.hw.HwProjectUtil.makeNewHardwareProject(HwProjectUtil.java:165)
	at com.xilinx.sdk.hw.core.HwPlatformProjectHandler.createHwPlatform(HwPlatformProjectHandler.java:51)
	at com.xilinx.sdk.hw.core.HwPlatformProjectHandler.access$0(HwPlatformProjectHandler.java:47)
	at com.xilinx.sdk.hw.core.HwPlatformProjectHandler$1.run(HwPlatformProjectHandler.java:34)
	at org.eclipse.core.internal.resources.Workspace.run(Workspace.java:2345)
	at org.eclipse.core.internal.resources.Workspace.run(Workspace.java:2327)
	at com.xilinx.sdk.hw.core.HwPlatformProjectHandler.execute(HwPlatformProjectHandler.java:31)
	at com.xilinx.sdk.hw.ui.NewHwProject.createProject(NewHwProject.java:82)
	at com.xilinx.sdk.hw.ui.NewHwProject.access$0(NewHwProject.java:80)
	at com.xilinx.sdk.hw.ui.NewHwProject$1.run(NewHwProject.java:44)
	at org.eclipse.ui.actions.WorkspaceModifyDelegatingOperation.execute(WorkspaceModifyDelegatingOperation.java:69)
	at org.eclipse.ui.actions.WorkspaceModifyOperation$1.run(WorkspaceModifyOperation.java:106)
	at org.eclipse.core.internal.resources.Workspace.run(Workspace.java:2345)
	at org.eclipse.ui.actions.WorkspaceModifyOperation.run(WorkspaceModifyOperation.java:118)
	at org.eclipse.jface.operation.ModalContext$ModalContextThread.run(ModalContext.java:121)
16:39:11 ERROR : Hardware project creation encountered errors.
16:39:12 ERROR : Project hw_platform_0 already exists.
16:39:12 ERROR : Error occurred while creating hardware platform hw_platform_0 from sysdef
java.lang.IllegalArgumentException: Attempted to create a new project with same name as existing project: hw_platform_0
	at com.xilinx.sdk.hw.internal.HwProjectCreator.createProject(HwProjectCreator.java:207)
	at com.xilinx.sdk.hw.internal.HwProjectCreator.createProject(HwProjectCreator.java:201)
	at com.xilinx.sdk.hw.internal.HwProjectCreator.createHwProjectFromZip(HwProjectCreator.java:87)
	at com.xilinx.sdk.hw.HwProjectUtil.internalCreate(HwProjectUtil.java:214)
	at com.xilinx.sdk.hw.HwProjectUtil.makeNewHardwareProject(HwProjectUtil.java:165)
	at com.xilinx.sdk.hw.core.HwPlatformProjectHandler.createHwPlatform(HwPlatformProjectHandler.java:51)
	at com.xilinx.sdk.hw.core.HwPlatformProjectHandler.access$0(HwPlatformProjectHandler.java:47)
	at com.xilinx.sdk.hw.core.HwPlatformProjectHandler$1.run(HwPlatformProjectHandler.java:34)
	at org.eclipse.core.internal.resources.Workspace.run(Workspace.java:2345)
	at org.eclipse.core.internal.resources.Workspace.run(Workspace.java:2327)
	at com.xilinx.sdk.hw.core.HwPlatformProjectHandler.execute(HwPlatformProjectHandler.java:31)
	at com.xilinx.sdk.hw.ui.NewHwProject.createProject(NewHwProject.java:82)
	at com.xilinx.sdk.hw.ui.NewHwProject.access$0(NewHwProject.java:80)
	at com.xilinx.sdk.hw.ui.NewHwProject$1.run(NewHwProject.java:44)
	at org.eclipse.ui.actions.WorkspaceModifyDelegatingOperation.execute(WorkspaceModifyDelegatingOperation.java:69)
	at org.eclipse.ui.actions.WorkspaceModifyOperation$1.run(WorkspaceModifyOperation.java:106)
	at org.eclipse.core.internal.resources.Workspace.run(Workspace.java:2345)
	at org.eclipse.ui.actions.WorkspaceModifyOperation.run(WorkspaceModifyOperation.java:118)
	at org.eclipse.jface.operation.ModalContext$ModalContextThread.run(ModalContext.java:121)
16:39:12 ERROR : Hardware project creation encountered errors.
16:39:13 ERROR : Project hw_platform_0 already exists.
16:39:13 ERROR : Error occurred while creating hardware platform hw_platform_0 from sysdef
java.lang.IllegalArgumentException: Attempted to create a new project with same name as existing project: hw_platform_0
	at com.xilinx.sdk.hw.internal.HwProjectCreator.createProject(HwProjectCreator.java:207)
	at com.xilinx.sdk.hw.internal.HwProjectCreator.createProject(HwProjectCreator.java:201)
	at com.xilinx.sdk.hw.internal.HwProjectCreator.createHwProjectFromZip(HwProjectCreator.java:87)
	at com.xilinx.sdk.hw.HwProjectUtil.internalCreate(HwProjectUtil.java:214)
	at com.xilinx.sdk.hw.HwProjectUtil.makeNewHardwareProject(HwProjectUtil.java:165)
	at com.xilinx.sdk.hw.core.HwPlatformProjectHandler.createHwPlatform(HwPlatformProjectHandler.java:51)
	at com.xilinx.sdk.hw.core.HwPlatformProjectHandler.access$0(HwPlatformProjectHandler.java:47)
	at com.xilinx.sdk.hw.core.HwPlatformProjectHandler$1.run(HwPlatformProjectHandler.java:34)
	at org.eclipse.core.internal.resources.Workspace.run(Workspace.java:2345)
	at org.eclipse.core.internal.resources.Workspace.run(Workspace.java:2327)
	at com.xilinx.sdk.hw.core.HwPlatformProjectHandler.execute(HwPlatformProjectHandler.java:31)
	at com.xilinx.sdk.hw.ui.NewHwProject.createProject(NewHwProject.java:82)
	at com.xilinx.sdk.hw.ui.NewHwProject.access$0(NewHwProject.java:80)
	at com.xilinx.sdk.hw.ui.NewHwProject$1.run(NewHwProject.java:44)
	at org.eclipse.ui.actions.WorkspaceModifyDelegatingOperation.execute(WorkspaceModifyDelegatingOperation.java:69)
	at org.eclipse.ui.actions.WorkspaceModifyOperation$1.run(WorkspaceModifyOperation.java:106)
	at org.eclipse.core.internal.resources.Workspace.run(Workspace.java:2345)
	at org.eclipse.ui.actions.WorkspaceModifyOperation.run(WorkspaceModifyOperation.java:118)
	at org.eclipse.jface.operation.ModalContext$ModalContextThread.run(ModalContext.java:121)
16:39:13 ERROR : Hardware project creation encountered errors.
16:39:14 ERROR : Project hw_platform_0 already exists.
16:39:14 ERROR : Error occurred while creating hardware platform hw_platform_0 from sysdef
java.lang.IllegalArgumentException: Attempted to create a new project with same name as existing project: hw_platform_0
	at com.xilinx.sdk.hw.internal.HwProjectCreator.createProject(HwProjectCreator.java:207)
	at com.xilinx.sdk.hw.internal.HwProjectCreator.createProject(HwProjectCreator.java:201)
	at com.xilinx.sdk.hw.internal.HwProjectCreator.createHwProjectFromZip(HwProjectCreator.java:87)
	at com.xilinx.sdk.hw.HwProjectUtil.internalCreate(HwProjectUtil.java:214)
	at com.xilinx.sdk.hw.HwProjectUtil.makeNewHardwareProject(HwProjectUtil.java:165)
	at com.xilinx.sdk.hw.core.HwPlatformProjectHandler.createHwPlatform(HwPlatformProjectHandler.java:51)
	at com.xilinx.sdk.hw.core.HwPlatformProjectHandler.access$0(HwPlatformProjectHandler.java:47)
	at com.xilinx.sdk.hw.core.HwPlatformProjectHandler$1.run(HwPlatformProjectHandler.java:34)
	at org.eclipse.core.internal.resources.Workspace.run(Workspace.java:2345)
	at org.eclipse.core.internal.resources.Workspace.run(Workspace.java:2327)
	at com.xilinx.sdk.hw.core.HwPlatformProjectHandler.execute(HwPlatformProjectHandler.java:31)
	at com.xilinx.sdk.hw.ui.NewHwProject.createProject(NewHwProject.java:82)
	at com.xilinx.sdk.hw.ui.NewHwProject.access$0(NewHwProject.java:80)
	at com.xilinx.sdk.hw.ui.NewHwProject$1.run(NewHwProject.java:44)
	at org.eclipse.ui.actions.WorkspaceModifyDelegatingOperation.execute(WorkspaceModifyDelegatingOperation.java:69)
	at org.eclipse.ui.actions.WorkspaceModifyOperation$1.run(WorkspaceModifyOperation.java:106)
	at org.eclipse.core.internal.resources.Workspace.run(Workspace.java:2345)
	at org.eclipse.ui.actions.WorkspaceModifyOperation.run(WorkspaceModifyOperation.java:118)
	at org.eclipse.jface.operation.ModalContext$ModalContextThread.run(ModalContext.java:121)
16:39:14 ERROR : Hardware project creation encountered errors.
16:39:15 ERROR : Project hw_platform_0 already exists.
16:39:15 ERROR : Error occurred while creating hardware platform hw_platform_0 from sysdef
java.lang.IllegalArgumentException: Attempted to create a new project with same name as existing project: hw_platform_0
	at com.xilinx.sdk.hw.internal.HwProjectCreator.createProject(HwProjectCreator.java:207)
	at com.xilinx.sdk.hw.internal.HwProjectCreator.createProject(HwProjectCreator.java:201)
	at com.xilinx.sdk.hw.internal.HwProjectCreator.createHwProjectFromZip(HwProjectCreator.java:87)
	at com.xilinx.sdk.hw.HwProjectUtil.internalCreate(HwProjectUtil.java:214)
	at com.xilinx.sdk.hw.HwProjectUtil.makeNewHardwareProject(HwProjectUtil.java:165)
	at com.xilinx.sdk.hw.core.HwPlatformProjectHandler.createHwPlatform(HwPlatformProjectHandler.java:51)
	at com.xilinx.sdk.hw.core.HwPlatformProjectHandler.access$0(HwPlatformProjectHandler.java:47)
	at com.xilinx.sdk.hw.core.HwPlatformProjectHandler$1.run(HwPlatformProjectHandler.java:34)
	at org.eclipse.core.internal.resources.Workspace.run(Workspace.java:2345)
	at org.eclipse.core.internal.resources.Workspace.run(Workspace.java:2327)
	at com.xilinx.sdk.hw.core.HwPlatformProjectHandler.execute(HwPlatformProjectHandler.java:31)
	at com.xilinx.sdk.hw.ui.NewHwProject.createProject(NewHwProject.java:82)
	at com.xilinx.sdk.hw.ui.NewHwProject.access$0(NewHwProject.java:80)
	at com.xilinx.sdk.hw.ui.NewHwProject$1.run(NewHwProject.java:44)
	at org.eclipse.ui.actions.WorkspaceModifyDelegatingOperation.execute(WorkspaceModifyDelegatingOperation.java:69)
	at org.eclipse.ui.actions.WorkspaceModifyOperation$1.run(WorkspaceModifyOperation.java:106)
	at org.eclipse.core.internal.resources.Workspace.run(Workspace.java:2345)
	at org.eclipse.ui.actions.WorkspaceModifyOperation.run(WorkspaceModifyOperation.java:118)
	at org.eclipse.jface.operation.ModalContext$ModalContextThread.run(ModalContext.java:121)
16:39:15 ERROR : Hardware project creation encountered errors.
16:39:17 ERROR : Project hw_platform_0 already exists.
16:39:17 ERROR : Error occurred while creating hardware platform hw_platform_0 from sysdef
java.lang.IllegalArgumentException: Attempted to create a new project with same name as existing project: hw_platform_0
	at com.xilinx.sdk.hw.internal.HwProjectCreator.createProject(HwProjectCreator.java:207)
	at com.xilinx.sdk.hw.internal.HwProjectCreator.createProject(HwProjectCreator.java:201)
	at com.xilinx.sdk.hw.internal.HwProjectCreator.createHwProjectFromZip(HwProjectCreator.java:87)
	at com.xilinx.sdk.hw.HwProjectUtil.internalCreate(HwProjectUtil.java:214)
	at com.xilinx.sdk.hw.HwProjectUtil.makeNewHardwareProject(HwProjectUtil.java:165)
	at com.xilinx.sdk.hw.core.HwPlatformProjectHandler.createHwPlatform(HwPlatformProjectHandler.java:51)
	at com.xilinx.sdk.hw.core.HwPlatformProjectHandler.access$0(HwPlatformProjectHandler.java:47)
	at com.xilinx.sdk.hw.core.HwPlatformProjectHandler$1.run(HwPlatformProjectHandler.java:34)
	at org.eclipse.core.internal.resources.Workspace.run(Workspace.java:2345)
	at org.eclipse.core.internal.resources.Workspace.run(Workspace.java:2327)
	at com.xilinx.sdk.hw.core.HwPlatformProjectHandler.execute(HwPlatformProjectHandler.java:31)
	at com.xilinx.sdk.hw.ui.NewHwProject.createProject(NewHwProject.java:82)
	at com.xilinx.sdk.hw.ui.NewHwProject.access$0(NewHwProject.java:80)
	at com.xilinx.sdk.hw.ui.NewHwProject$1.run(NewHwProject.java:44)
	at org.eclipse.ui.actions.WorkspaceModifyDelegatingOperation.execute(WorkspaceModifyDelegatingOperation.java:69)
	at org.eclipse.ui.actions.WorkspaceModifyOperation$1.run(WorkspaceModifyOperation.java:106)
	at org.eclipse.core.internal.resources.Workspace.run(Workspace.java:2345)
	at org.eclipse.ui.actions.WorkspaceModifyOperation.run(WorkspaceModifyOperation.java:118)
	at org.eclipse.jface.operation.ModalContext$ModalContextThread.run(ModalContext.java:121)
16:39:17 ERROR : Hardware project creation encountered errors.
16:39:23 ERROR : (XSDB Server)ERROR: [Hsi 55-1699] C:/Users/Jose doesn't have supported extension. Supported Hardware HandOff File extensions are .hwh, .xml, .hsm, .hdf
ERROR: [Hsi 55-1451] Error: running open_hw_design.

16:39:23 ERROR : Failed to openhw "C:/Users/Jose Idlabs/Documents/GitHub/WATCHMAN/MICROZED/hw_platform_1/system.hdf"
Reason: ERROR: [Common 17-39] 'hsi::open_hw_design' failed due to earlier errors.

16:39:23 ERROR : Error occurred while creating hardware platform hw_platform_1 from sysdef
java.lang.IllegalArgumentException: Invalid Hardware Specification File provided: C:\Users\Jose Idlabs\Documents\GitHub\WATCHMAN\MICROZED\hw_platform_1\system.hdf
	at com.xilinx.sdk.hw.internal.HwPlatform.<init>(HwPlatform.java:282)
	at com.xilinx.sdk.hw.internal.HwSpecFactory.createHwSpec(HwSpecFactory.java:53)
	at com.xilinx.sdk.hw.internal.HwProjectCreator.createHwProjectFromZip(HwProjectCreator.java:117)
	at com.xilinx.sdk.hw.HwProjectUtil.internalCreate(HwProjectUtil.java:214)
	at com.xilinx.sdk.hw.HwProjectUtil.makeNewHardwareProject(HwProjectUtil.java:165)
	at com.xilinx.sdk.hw.core.HwPlatformProjectHandler.createHwPlatform(HwPlatformProjectHandler.java:51)
	at com.xilinx.sdk.hw.core.HwPlatformProjectHandler.access$0(HwPlatformProjectHandler.java:47)
	at com.xilinx.sdk.hw.core.HwPlatformProjectHandler$1.run(HwPlatformProjectHandler.java:34)
	at org.eclipse.core.internal.resources.Workspace.run(Workspace.java:2345)
	at org.eclipse.core.internal.resources.Workspace.run(Workspace.java:2327)
	at com.xilinx.sdk.hw.core.HwPlatformProjectHandler.execute(HwPlatformProjectHandler.java:31)
	at com.xilinx.sdk.hw.ui.NewHwProject.createProject(NewHwProject.java:82)
	at com.xilinx.sdk.hw.ui.NewHwProject.access$0(NewHwProject.java:80)
	at com.xilinx.sdk.hw.ui.NewHwProject$1.run(NewHwProject.java:44)
	at org.eclipse.ui.actions.WorkspaceModifyDelegatingOperation.execute(WorkspaceModifyDelegatingOperation.java:69)
	at org.eclipse.ui.actions.WorkspaceModifyOperation$1.run(WorkspaceModifyOperation.java:106)
	at org.eclipse.core.internal.resources.Workspace.run(Workspace.java:2345)
	at org.eclipse.ui.actions.WorkspaceModifyOperation.run(WorkspaceModifyOperation.java:118)
	at org.eclipse.jface.operation.ModalContext$ModalContextThread.run(ModalContext.java:121)
16:39:23 ERROR : Hardware project creation encountered errors.
16:39:45 ERROR : Project hw_platform_1 already exists.
16:39:45 ERROR : Error occurred while creating hardware platform hw_platform_1 from sysdef
java.lang.IllegalArgumentException: Attempted to create a new project with same name as existing project: hw_platform_1
	at com.xilinx.sdk.hw.internal.HwProjectCreator.createProject(HwProjectCreator.java:207)
	at com.xilinx.sdk.hw.internal.HwProjectCreator.createProject(HwProjectCreator.java:201)
	at com.xilinx.sdk.hw.internal.HwProjectCreator.createHwProjectFromZip(HwProjectCreator.java:87)
	at com.xilinx.sdk.hw.HwProjectUtil.internalCreate(HwProjectUtil.java:214)
	at com.xilinx.sdk.hw.HwProjectUtil.makeNewHardwareProject(HwProjectUtil.java:165)
	at com.xilinx.sdk.hw.core.HwPlatformProjectHandler.createHwPlatform(HwPlatformProjectHandler.java:51)
	at com.xilinx.sdk.hw.core.HwPlatformProjectHandler.access$0(HwPlatformProjectHandler.java:47)
	at com.xilinx.sdk.hw.core.HwPlatformProjectHandler$1.run(HwPlatformProjectHandler.java:34)
	at org.eclipse.core.internal.resources.Workspace.run(Workspace.java:2345)
	at org.eclipse.core.internal.resources.Workspace.run(Workspace.java:2327)
	at com.xilinx.sdk.hw.core.HwPlatformProjectHandler.execute(HwPlatformProjectHandler.java:31)
	at com.xilinx.sdk.hw.ui.NewHwProject.createProject(NewHwProject.java:82)
	at com.xilinx.sdk.hw.ui.NewHwProject.access$0(NewHwProject.java:80)
	at com.xilinx.sdk.hw.ui.NewHwProject$1.run(NewHwProject.java:44)
	at org.eclipse.ui.actions.WorkspaceModifyDelegatingOperation.execute(WorkspaceModifyDelegatingOperation.java:69)
	at org.eclipse.ui.actions.WorkspaceModifyOperation$1.run(WorkspaceModifyOperation.java:106)
	at org.eclipse.core.internal.resources.Workspace.run(Workspace.java:2345)
	at org.eclipse.ui.actions.WorkspaceModifyOperation.run(WorkspaceModifyOperation.java:118)
	at org.eclipse.jface.operation.ModalContext$ModalContextThread.run(ModalContext.java:121)
16:39:45 ERROR : Hardware project creation encountered errors.
